<?xml version="1.0" encoding="UTF-8"?>
<!-- Generated by org.testng.reporters.JUnitXMLReporter -->
<testsuite ignored="0" hostname="Daniels-MBP.lan1" failures="0" tests="6" name="Test" time="0.079" errors="0" timestamp="2020-01-08T14:55:13 EST">
  <testcase classname="danielPorject.RESTAPITest" name="deleteTwitter" time="0.01"/>
  <testcase classname="danielPorject.RESTAPITest" name="postJira" time="0.002"/>
  <testcase classname="danielPorject.SeleniumTest" name="BrowserAutomation" time="0.001"/>
  <testcase classname="danielPorject.SeleniumTest" name="elementsui" time="0.001"/>
  <testcase classname="danielPorject.AppiumTest" name="IOSApps" time="0.004"/>
  <testcase classname="danielPorject.AppiumTest" name="NativeAppAndroid" time="0.004"/>
</testsuite> <!-- Test -->
