<?xml version="1.0" encoding="UTF-8"?>
<!-- Generated by org.testng.reporters.JUnitXMLReporter -->
<testsuite ignored="0" hostname="Daniels-MBP.lan1" failures="0" tests="4" name="Test" time="0.023" errors="0" timestamp="08 Jan 2020 20:48:10 GMT">
  <testcase classname="danielPorject.RESTAPITest" name="deleteTwitter" time="0.005"/>
  <testcase classname="danielPorject.RESTAPITest" name="postJira" time="0.001"/>
  <testcase classname="danielPorject.SeleniumTest" name="BrowserAutomation" time="0.0"/>
  <testcase classname="danielPorject.SeleniumTest" name="elementsui" time="0.0"/>
</testsuite> <!-- Test -->
