<?xml version="1.0" encoding="UTF-8"?>
<testng-results ignored="0" total="4" passed="4" failed="0" skipped="0">
  <reporter-output>
  </reporter-output>
  <suite started-at="2020-01-08T20:48:10Z" name="Suite" finished-at="2020-01-08T20:48:10Z" duration-ms="23">
    <groups>
    </groups>
    <test started-at="2020-01-08T20:48:10Z" name="Test" finished-at="2020-01-08T20:48:10Z" duration-ms="23">
      <class name="danielPorject.SeleniumTest">
        <test-method signature="BrowserAutomation()[pri:0, instance:danielPorject.SeleniumTest@15aab8c6]" started-at="2020-01-08T20:48:10Z" name="BrowserAutomation" finished-at="2020-01-08T20:48:10Z" duration-ms="0" status="PASS">
          <reporter-output>
          </reporter-output>
        </test-method> <!-- BrowserAutomation -->
        <test-method signature="elementsui()[pri:0, instance:danielPorject.SeleniumTest@15aab8c6]" started-at="2020-01-08T20:48:10Z" name="elementsui" finished-at="2020-01-08T20:48:10Z" duration-ms="0" status="PASS">
          <reporter-output>
          </reporter-output>
        </test-method> <!-- elementsui -->
      </class> <!-- danielPorject.SeleniumTest -->
      <class name="danielPorject.RESTAPITest">
        <test-method signature="deleteTwitter()[pri:0, instance:danielPorject.RESTAPITest@37654521]" started-at="2020-01-08T20:48:10Z" name="deleteTwitter" finished-at="2020-01-08T20:48:10Z" duration-ms="5" status="PASS">
          <reporter-output>
          </reporter-output>
        </test-method> <!-- deleteTwitter -->
        <test-method signature="postJira()[pri:0, instance:danielPorject.RESTAPITest@37654521]" started-at="2020-01-08T20:48:10Z" name="postJira" finished-at="2020-01-08T20:48:10Z" duration-ms="1" status="PASS">
          <reporter-output>
          </reporter-output>
        </test-method> <!-- postJira -->
      </class> <!-- danielPorject.RESTAPITest -->
    </test> <!-- Test -->
  </suite> <!-- Suite -->
</testng-results>
