<?xml version="1.0" encoding="UTF-8"?>
<testng-results ignored="0" total="6" passed="6" failed="0" skipped="0">
  <reporter-output>
  </reporter-output>
  <suite started-at="2020-01-08T14:55:13 EST" name="Suite" finished-at="2020-01-08T14:55:13 EST" duration-ms="79">
    <groups>
    </groups>
    <test started-at="2020-01-08T14:55:13 EST" name="Test" finished-at="2020-01-08T14:55:13 EST" duration-ms="79">
      <class name="danielPorject.SeleniumTest">
        <test-method signature="BrowserAutomation()[pri:0, instance:danielPorject.SeleniumTest@37e547da]" started-at="2020-01-08T14:55:13 EST" name="BrowserAutomation" finished-at="2020-01-08T14:55:13 EST" duration-ms="1" status="PASS">
          <reporter-output>
          </reporter-output>
        </test-method> <!-- BrowserAutomation -->
        <test-method signature="elementsui()[pri:0, instance:danielPorject.SeleniumTest@37e547da]" started-at="2020-01-08T14:55:13 EST" name="elementsui" finished-at="2020-01-08T14:55:13 EST" duration-ms="1" status="PASS">
          <reporter-output>
          </reporter-output>
        </test-method> <!-- elementsui -->
      </class> <!-- danielPorject.SeleniumTest -->
      <class name="danielPorject.RESTAPITest">
        <test-method signature="deleteTwitter()[pri:0, instance:danielPorject.RESTAPITest@3e3047e6]" started-at="2020-01-08T14:55:13 EST" name="deleteTwitter" finished-at="2020-01-08T14:55:13 EST" duration-ms="10" status="PASS">
          <reporter-output>
          </reporter-output>
        </test-method> <!-- deleteTwitter -->
        <test-method signature="postJira()[pri:0, instance:danielPorject.RESTAPITest@3e3047e6]" started-at="2020-01-08T14:55:13 EST" name="postJira" finished-at="2020-01-08T14:55:13 EST" duration-ms="2" status="PASS">
          <reporter-output>
          </reporter-output>
        </test-method> <!-- postJira -->
      </class> <!-- danielPorject.RESTAPITest -->
      <class name="danielPorject.AppiumTest">
        <test-method signature="IOSApps()[pri:0, instance:danielPorject.AppiumTest@2b6856dd]" started-at="2020-01-08T14:55:13 EST" name="IOSApps" finished-at="2020-01-08T14:55:13 EST" duration-ms="4" status="PASS">
          <reporter-output>
          </reporter-output>
        </test-method> <!-- IOSApps -->
        <test-method signature="NativeAppAndroid()[pri:0, instance:danielPorject.AppiumTest@2b6856dd]" started-at="2020-01-08T14:55:13 EST" name="NativeAppAndroid" finished-at="2020-01-08T14:55:13 EST" duration-ms="4" status="PASS">
          <reporter-output>
          </reporter-output>
        </test-method> <!-- NativeAppAndroid -->
      </class> <!-- danielPorject.AppiumTest -->
    </test> <!-- Test -->
  </suite> <!-- Suite -->
</testng-results>
